/home/ros2/Ros2Projects/oom_ws/src/ros2_term_project/install/ros2_term_project/lib/python3.8/site-packages/ros2_term_project/spawn_prius.py
/home/ros2/Ros2Projects/oom_ws/src/ros2_term_project/install/ros2_term_project/lib/python3.8/site-packages/ros2_term_project/move_box.py
/home/ros2/Ros2Projects/oom_ws/src/ros2_term_project/install/ros2_term_project/lib/python3.8/site-packages/ros2_term_project/line_follower.py
/home/ros2/Ros2Projects/oom_ws/src/ros2_term_project/install/ros2_term_project/lib/python3.8/site-packages/ros2_term_project/line_tracker.py
/home/ros2/Ros2Projects/oom_ws/src/ros2_term_project/install/ros2_term_project/lib/python3.8/site-packages/ros2_term_project/__init__.py
/home/ros2/Ros2Projects/oom_ws/src/ros2_term_project/install/ros2_term_project/lib/python3.8/site-packages/ros2_term_project/__pycache__/spawn_prius.cpython-38.pyc
/home/ros2/Ros2Projects/oom_ws/src/ros2_term_project/install/ros2_term_project/lib/python3.8/site-packages/ros2_term_project/__pycache__/move_box.cpython-38.pyc
/home/ros2/Ros2Projects/oom_ws/src/ros2_term_project/install/ros2_term_project/lib/python3.8/site-packages/ros2_term_project/__pycache__/line_follower.cpython-38.pyc
/home/ros2/Ros2Projects/oom_ws/src/ros2_term_project/install/ros2_term_project/lib/python3.8/site-packages/ros2_term_project/__pycache__/line_tracker.cpython-38.pyc
/home/ros2/Ros2Projects/oom_ws/src/ros2_term_project/install/ros2_term_project/lib/python3.8/site-packages/ros2_term_project/__pycache__/__init__.cpython-38.pyc
/home/ros2/Ros2Projects/oom_ws/src/ros2_term_project/install/ros2_term_project/share/ament_index/resource_index/packages/ros2_term_project
/home/ros2/Ros2Projects/oom_ws/src/ros2_term_project/install/ros2_term_project/share/ros2_term_project/package.xml
/home/ros2/Ros2Projects/oom_ws/src/ros2_term_project/install/ros2_term_project/share/ros2_term_project/launch/car_sim.launch.py
/home/ros2/Ros2Projects/oom_ws/src/ros2_term_project/install/ros2_term_project/share/ros2_term_project/worlds/ros2_car_track_stop.png
/home/ros2/Ros2Projects/oom_ws/src/ros2_term_project/install/ros2_term_project/share/ros2_term_project/worlds/car_track.world.2
/home/ros2/Ros2Projects/oom_ws/src/ros2_term_project/install/ros2_term_project/share/ros2_term_project/worlds/model1.sdf
/home/ros2/Ros2Projects/oom_ws/src/ros2_term_project/install/ros2_term_project/share/ros2_term_project/worlds/car_track.world.0
/home/ros2/Ros2Projects/oom_ws/src/ros2_term_project/install/ros2_term_project/share/ros2_term_project/worlds/car_track.world
/home/ros2/Ros2Projects/oom_ws/src/ros2_term_project/install/ros2_term_project/share/ros2_term_project/worlds/ros2_car_track_hill.png
/home/ros2/Ros2Projects/oom_ws/src/ros2_term_project/install/ros2_term_project/share/ros2_term_project/worlds/ros2_car_track.png
/home/ros2/Ros2Projects/oom_ws/src/ros2_term_project/install/ros2_term_project/share/ros2_term_project/worlds/course.material
/home/ros2/Ros2Projects/oom_ws/src/ros2_term_project/install/ros2_term_project/share/ros2_term_project/worlds/ros2_car_track_thick_lines.png
/home/ros2/Ros2Projects/oom_ws/src/ros2_term_project/install/ros2_term_project/share/ros2_term_project/worlds/model2.sdf
/home/ros2/Ros2Projects/oom_ws/src/ros2_term_project/install/ros2_term_project/share/ros2_term_project/worlds/car_track.world.1
/home/ros2/Ros2Projects/oom_ws/src/ros2_term_project/install/ros2_term_project/lib/python3.8/site-packages/ros2_term_project-0.0.0-py3.8.egg-info/top_level.txt
/home/ros2/Ros2Projects/oom_ws/src/ros2_term_project/install/ros2_term_project/lib/python3.8/site-packages/ros2_term_project-0.0.0-py3.8.egg-info/dependency_links.txt
/home/ros2/Ros2Projects/oom_ws/src/ros2_term_project/install/ros2_term_project/lib/python3.8/site-packages/ros2_term_project-0.0.0-py3.8.egg-info/entry_points.txt
/home/ros2/Ros2Projects/oom_ws/src/ros2_term_project/install/ros2_term_project/lib/python3.8/site-packages/ros2_term_project-0.0.0-py3.8.egg-info/PKG-INFO
/home/ros2/Ros2Projects/oom_ws/src/ros2_term_project/install/ros2_term_project/lib/python3.8/site-packages/ros2_term_project-0.0.0-py3.8.egg-info/SOURCES.txt
/home/ros2/Ros2Projects/oom_ws/src/ros2_term_project/install/ros2_term_project/lib/python3.8/site-packages/ros2_term_project-0.0.0-py3.8.egg-info/requires.txt
/home/ros2/Ros2Projects/oom_ws/src/ros2_term_project/install/ros2_term_project/lib/python3.8/site-packages/ros2_term_project-0.0.0-py3.8.egg-info/zip-safe
/home/ros2/Ros2Projects/oom_ws/src/ros2_term_project/install/ros2_term_project/lib/ros2_term_project/line_follower
/home/ros2/Ros2Projects/oom_ws/src/ros2_term_project/install/ros2_term_project/lib/ros2_term_project/move_box
/home/ros2/Ros2Projects/oom_ws/src/ros2_term_project/install/ros2_term_project/lib/ros2_term_project/spawn_prius
/home/ros2/Ros2Projects/oom_ws/src/ros2_term_project/install/ros2_term_project/lib/ros2_term_project/start
